<?xml version="1.0" encoding="UTF-8"?>
<coverage generated="1763192976676" clover="3.2.0">
  <project timestamp="1763192976676" name="All files">
    <metrics statements="14" coveredstatements="8" conditionals="6" coveredconditionals="3" methods="6" coveredmethods="1" elements="26" coveredelements="12" complexity="0" loc="14" ncloc="14" packages="1" files="1" classes="1"/>
    <file name="classNames.ts" path="/home/anton/WebstormProjects/predicts/src/shared/lib/classNames.ts">
      <metrics statements="14" coveredstatements="8" conditionals="6" coveredconditionals="3" methods="6" coveredmethods="1"/>
      <line num="4" count="1" type="stmt"/>
      <line num="5" count="0" type="stmt"/>
      <line num="8" count="0" type="stmt"/>
      <line num="9" count="0" type="stmt"/>
      <line num="14" count="1" type="stmt"/>
      <line num="15" count="1" type="stmt"/>
      <line num="16" count="1" type="stmt"/>
      <line num="17" count="1" type="cond" truecount="1" falsecount="1"/>
      <line num="18" count="1" type="cond" truecount="1" falsecount="1"/>
      <line num="19" count="1" type="cond" truecount="1" falsecount="1"/>
      <line num="20" count="0" type="stmt"/>
      <line num="21" count="0" type="stmt"/>
      <line num="22" count="0" type="stmt"/>
      <line num="25" count="1" type="stmt"/>
    </file>
  </project>
</coverage>
